# JRE version: OpenJDK Runtime Environment Temurin-21.0.6+7 (21.0.6+7) (build 21.0.6+7-LTS)
# Java VM: OpenJDK 64-Bit Server VM Temurin-21.0.6+7 (21.0.6+7-LTS, mixed mode, sharing, tiered, compressed oops, compressed class ptrs, parallel gc, windows-amd64)
GC Precious Log:
 CardTable entry size: 512
 CPUs: 16 total, 16 available
 Memory: 11626M
 Large Page Support: Disabled
 NUMA Support: Disabled
 Compressed Oops: Enabled (32-bit)
 Alignments: Space 512K, Generation 512K, Heap 2M
 Heap Min Capacity: 100M
 Heap Initial Capacity: 100M
 Heap Max Capacity: 1G
 Pre-touch: Disabled
 Parallel Workers: 13
Heap:
 PSYoungGen      total 2048K, used 1291K [0x00000000eab00000, 0x00000000eb100000, 0x0000000100000000)
  eden space 1024K, 28% used [0x00000000eab00000,0x00000000eab48ff0,0x00000000eac00000)
  from space 1024K, 97% used [0x00000000eae00000,0x00000000eaef9e48,0x00000000eaf00000)
  to   space 2048K, 0% used [0x00000000eac00000,0x00000000eac00000,0x00000000eae00000)
 ParOldGen       total 526336K, used 241713K [0x00000000c0000000, 0x00000000e0200000, 0x00000000eab00000)
  object space 526336K, 45% used [0x00000000c0000000,0x00000000cec0c4f8,0x00000000e0200000)
 Metaspace       used 59665K, committed 60928K, reserved 1114112K
  class space    used 6261K, committed 6784K, reserved 1048576K
GC Heap History (20 events):
Event: 42.663 GC heap before
{Heap before GC invocations=612 (full 3):
 PSYoungGen      total 1536K, used 1530K [0x00000000eab00000, 0x00000000eae00000, 0x0000000100000000)
  eden space 1024K, 100% used [0x00000000eab00000,0x00000000eac00000,0x00000000eac00000)
  from space 512K, 98% used [0x00000000ead00000,0x00000000ead7ea70,0x00000000ead80000)
  to   space 1024K, 0% used [0x00000000eac00000,0x00000000eac00000,0x00000000ead00000)
 ParOldGen       total 526336K, used 238967K [0x00000000c0000000, 0x00000000e0200000, 0x00000000eab00000)
  object space 526336K, 45% used [0x00000000c0000000,0x00000000ce95de18,0x00000000e0200000)
 Metaspace       used 59316K, committed 60608K, reserved 1114112K
  class space    used 6234K, committed 6784K, reserved 1048576K
}
Event: 42.666 GC heap after
{Heap after GC invocations=612 (full 3):
 PSYoungGen      total 2048K, used 608K [0x00000000eab00000, 0x00000000eae00000, 0x0000000100000000)
  eden space 1024K, 0% used [0x00000000eab00000,0x00000000eab00000,0x00000000eac00000)
  from space 1024K, 59% used [0x00000000eac00000,0x00000000eac98000,0x00000000ead00000)
  to   space 1024K, 0% used [0x00000000ead00000,0x00000000ead00000,0x00000000eae00000)
 ParOldGen       total 526336K, used 239199K [0x00000000c0000000, 0x00000000e0200000, 0x00000000eab00000)
  object space 526336K, 45% used [0x00000000c0000000,0x00000000ce997e18,0x00000000e0200000)
 Metaspace       used 59316K, committed 60608K, reserved 1114112K
  class space    used 6234K, committed 6784K, reserved 1048576K
}
Event: 42.715 GC heap before
{Heap before GC invocations=613 (full 3):
 PSYoungGen      total 2048K, used 1632K [0x00000000eab00000, 0x00000000eae00000, 0x0000000100000000)
  eden space 1024K, 100% used [0x00000000eab00000,0x00000000eac00000,0x00000000eac00000)
  from space 1024K, 59% used [0x00000000eac00000,0x00000000eac98000,0x00000000ead00000)
  to   space 1024K, 0% used [0x00000000ead00000,0x00000000ead00000,0x00000000eae00000)
 ParOldGen       total 526336K, used 239199K [0x00000000c0000000, 0x00000000e0200000, 0x00000000eab00000)
  object space 526336K, 45% used [0x00000000c0000000,0x00000000ce997e18,0x00000000e0200000)
 Metaspace       used 59367K, committed 60608K, reserved 1114112K
  class space    used 6239K, committed 6784K, reserved 1048576K
}
Event: 42.718 GC heap after
{Heap after GC invocations=613 (full 3):
 PSYoungGen      total 1536K, used 320K [0x00000000eab00000, 0x00000000ead80000, 0x0000000100000000)
  eden space 1024K, 0% used [0x00000000eab00000,0x00000000eab00000,0x00000000eac00000)
  from space 512K, 62% used [0x00000000ead00000,0x00000000ead50000,0x00000000ead80000)
  to   space 512K, 0% used [0x00000000eac80000,0x00000000eac80000,0x00000000ead00000)
 ParOldGen       total 526336K, used 239663K [0x00000000c0000000, 0x00000000e0200000, 0x00000000eab00000)
  object space 526336K, 45% used [0x00000000c0000000,0x00000000cea0be18,0x00000000e0200000)
 Metaspace       used 59367K, committed 60608K, reserved 1114112K
  class space    used 6239K, committed 6784K, reserved 1048576K
}
Event: 42.739 GC heap before
{Heap before GC invocations=614 (full 3):
 PSYoungGen      total 1536K, used 1344K [0x00000000eab00000, 0x00000000ead80000, 0x0000000100000000)
  eden space 1024K, 100% used [0x00000000eab00000,0x00000000eac00000,0x00000000eac00000)
  from space 512K, 62% used [0x00000000ead00000,0x00000000ead50000,0x00000000ead80000)
  to   space 512K, 0% used [0x00000000eac80000,0x00000000eac80000,0x00000000ead00000)
 ParOldGen       total 526336K, used 239663K [0x00000000c0000000, 0x00000000e0200000, 0x00000000eab00000)
  object space 526336K, 45% used [0x00000000c0000000,0x00000000cea0be18,0x00000000e0200000)
 Metaspace       used 59379K, committed 60672K, reserved 1114112K
  class space    used 6240K, committed 6784K, reserved 1048576K
}
Event: 42.740 GC heap after
{Heap after GC invocations=614 (full 3):
 PSYoungGen      total 1536K, used 288K [0x00000000eab00000, 0x00000000ead80000, 0x0000000100000000)
  eden space 1024K, 0% used [0x00000000eab00000,0x00000000eab00000,0x00000000eac00000)
  from space 512K, 56% used [0x00000000eac80000,0x00000000eacc8000,0x00000000ead00000)
  to   space 512K, 0% used [0x00000000ead00000,0x00000000ead00000,0x00000000ead80000)
 ParOldGen       total 526336K, used 239775K [0x00000000c0000000, 0x00000000e0200000, 0x00000000eab00000)
  object space 526336K, 45% used [0x00000000c0000000,0x00000000cea27e18,0x00000000e0200000)
 Metaspace       used 59379K, committed 60672K, reserved 1114112K
  class space    used 6240K, committed 6784K, reserved 1048576K
}
Event: 42.768 GC heap before
{Heap before GC invocations=615 (full 3):
 PSYoungGen      total 1536K, used 1311K [0x00000000eab00000, 0x00000000ead80000, 0x0000000100000000)
  eden space 1024K, 99% used [0x00000000eab00000,0x00000000eabfffe0,0x00000000eac00000)
  from space 512K, 56% used [0x00000000eac80000,0x00000000eacc8000,0x00000000ead00000)
  to   space 512K, 0% used [0x00000000ead00000,0x00000000ead00000,0x00000000ead80000)
 ParOldGen       total 526336K, used 239775K [0x00000000c0000000, 0x00000000e0200000, 0x00000000eab00000)
  object space 526336K, 45% used [0x00000000c0000000,0x00000000cea27e18,0x00000000e0200000)
 Metaspace       used 59402K, committed 60672K, reserved 1114112K
  class space    used 6243K, committed 6784K, reserved 1048576K
}
Event: 42.771 GC heap after
{Heap after GC invocations=615 (full 3):
 PSYoungGen      total 1536K, used 384K [0x00000000eab00000, 0x00000000ead80000, 0x0000000100000000)
  eden space 1024K, 0% used [0x00000000eab00000,0x00000000eab00000,0x00000000eac00000)
  from space 512K, 75% used [0x00000000ead00000,0x00000000ead60000,0x00000000ead80000)
  to   space 512K, 0% used [0x00000000eac80000,0x00000000eac80000,0x00000000ead00000)
 ParOldGen       total 526336K, used 239843K [0x00000000c0000000, 0x00000000e0200000, 0x00000000eab00000)
  object space 526336K, 45% used [0x00000000c0000000,0x00000000cea38e28,0x00000000e0200000)
 Metaspace       used 59402K, committed 60672K, reserved 1114112K
  class space    used 6243K, committed 6784K, reserved 1048576K
}
Event: 42.775 GC heap before
{Heap before GC invocations=616 (full 3):
 PSYoungGen      total 1536K, used 1408K [0x00000000eab00000, 0x00000000ead80000, 0x0000000100000000)
  eden space 1024K, 100% used [0x00000000eab00000,0x00000000eac00000,0x00000000eac00000)
  from space 512K, 75% used [0x00000000ead00000,0x00000000ead60000,0x00000000ead80000)
  to   space 512K, 0% used [0x00000000eac80000,0x00000000eac80000,0x00000000ead00000)
 ParOldGen       total 526336K, used 239843K [0x00000000c0000000, 0x00000000e0200000, 0x00000000eab00000)
  object space 526336K, 45% used [0x00000000c0000000,0x00000000cea38e28,0x00000000e0200000)
 Metaspace       used 59407K, committed 60672K, reserved 1114112K
  class space    used 6245K, committed 6784K, reserved 1048576K
}
Event: 42.777 GC heap after
{Heap after GC invocations=616 (full 3):
 PSYoungGen      total 1536K, used 320K [0x00000000eab00000, 0x00000000ead80000, 0x0000000100000000)
  eden space 1024K, 0% used [0x00000000eab00000,0x00000000eab00000,0x00000000eac00000)
  from space 512K, 62% used [0x00000000eac80000,0x00000000eacd0000,0x00000000ead00000)
  to   space 512K, 0% used [0x00000000ead00000,0x00000000ead00000,0x00000000ead80000)
 ParOldGen       total 526336K, used 239971K [0x00000000c0000000, 0x00000000e0200000, 0x00000000eab00000)
  object space 526336K, 45% used [0x00000000c0000000,0x00000000cea58e28,0x00000000e0200000)
 Metaspace       used 59407K, committed 60672K, reserved 1114112K
  class space    used 6245K, committed 6784K, reserved 1048576K
}
Event: 42.780 GC heap before
{Heap before GC invocations=617 (full 3):
 PSYoungGen      total 1536K, used 1344K [0x00000000eab00000, 0x00000000ead80000, 0x0000000100000000)
  eden space 1024K, 100% used [0x00000000eab00000,0x00000000eac00000,0x00000000eac00000)
  from space 512K, 62% used [0x00000000eac80000,0x00000000eacd0000,0x00000000ead00000)
  to   space 512K, 0% used [0x00000000ead00000,0x00000000ead00000,0x00000000ead80000)
 ParOldGen       total 526336K, used 239971K [0x00000000c0000000, 0x00000000e0200000, 0x00000000eab00000)
  object space 526336K, 45% used [0x00000000c0000000,0x00000000cea58e28,0x00000000e0200000)
 Metaspace       used 59416K, committed 60672K, reserved 1114112K
  class space    used 6245K, committed 6784K, reserved 1048576K
}
Event: 42.781 GC heap after
{Heap after GC invocations=617 (full 3):
 PSYoungGen      total 1536K, used 352K [0x00000000eab00000, 0x00000000ead80000, 0x0000000100000000)
  eden space 1024K, 0% used [0x00000000eab00000,0x00000000eab00000,0x00000000eac00000)
  from space 512K, 68% used [0x00000000ead00000,0x00000000ead58000,0x00000000ead80000)
  to   space 512K, 0% used [0x00000000eac80000,0x00000000eac80000,0x00000000ead00000)
 ParOldGen       total 526336K, used 240115K [0x00000000c0000000, 0x00000000e0200000, 0x00000000eab00000)
  object space 526336K, 45% used [0x00000000c0000000,0x00000000cea7ce28,0x00000000e0200000)
 Metaspace       used 59416K, committed 60672K, reserved 1114112K
  class space    used 6245K, committed 6784K, reserved 1048576K
}
Event: 42.785 GC heap before
{Heap before GC invocations=618 (full 3):
 PSYoungGen      total 1536K, used 1376K [0x00000000eab00000, 0x00000000ead80000, 0x0000000100000000)
  eden space 1024K, 100% used [0x00000000eab00000,0x00000000eac00000,0x00000000eac00000)
  from space 512K, 68% used [0x00000000ead00000,0x00000000ead58000,0x00000000ead80000)
  to   space 512K, 0% used [0x00000000eac80000,0x00000000eac80000,0x00000000ead00000)
 ParOldGen       total 526336K, used 240115K [0x00000000c0000000, 0x00000000e0200000, 0x00000000eab00000)
  object space 526336K, 45% used [0x00000000c0000000,0x00000000cea7ce28,0x00000000e0200000)
 Metaspace       used 59416K, committed 60672K, reserved 1114112K
  class space    used 6245K, committed 6784K, reserved 1048576K
}
Event: 42.786 GC heap after
{Heap after GC invocations=618 (full 3):
 PSYoungGen      total 1536K, used 480K [0x00000000eab00000, 0x00000000ead80000, 0x0000000100000000)
  eden space 1024K, 0% used [0x00000000eab00000,0x00000000eab00000,0x00000000eac00000)
  from space 512K, 93% used [0x00000000eac80000,0x00000000eacf8000,0x00000000ead00000)
  to   space 512K, 0% used [0x00000000ead00000,0x00000000ead00000,0x00000000ead80000)
 ParOldGen       total 526336K, used 240283K [0x00000000c0000000, 0x00000000e0200000, 0x00000000eab00000)
  object space 526336K, 45% used [0x00000000c0000000,0x00000000ceaa6e28,0x00000000e0200000)
 Metaspace       used 59416K, committed 60672K, reserved 1114112K
  class space    used 6245K, committed 6784K, reserved 1048576K
}
Event: 42.790 GC heap before
{Heap before GC invocations=619 (full 3):
 PSYoungGen      total 1536K, used 1504K [0x00000000eab00000, 0x00000000ead80000, 0x0000000100000000)
  eden space 1024K, 100% used [0x00000000eab00000,0x00000000eac00000,0x00000000eac00000)
  from space 512K, 93% used [0x00000000eac80000,0x00000000eacf8000,0x00000000ead00000)
  to   space 512K, 0% used [0x00000000ead00000,0x00000000ead00000,0x00000000ead80000)
 ParOldGen       total 526336K, used 240283K [0x00000000c0000000, 0x00000000e0200000, 0x00000000eab00000)
  object space 526336K, 45% used [0x00000000c0000000,0x00000000ceaa6e28,0x00000000e0200000)
 Metaspace       used 59424K, committed 60672K, reserved 1114112K
  class space    used 6246K, committed 6784K, reserved 1048576K
}
Event: 42.792 GC heap after
{Heap after GC invocations=619 (full 3):
 PSYoungGen      total 2048K, used 320K [0x00000000eab00000, 0x00000000ead80000, 0x0000000100000000)
  eden space 1536K, 0% used [0x00000000eab00000,0x00000000eab00000,0x00000000eac80000)
  from space 512K, 62% used [0x00000000ead00000,0x00000000ead50000,0x00000000ead80000)
  to   space 512K, 0% used [0x00000000eac80000,0x00000000eac80000,0x00000000ead00000)
 ParOldGen       total 526336K, used 240569K [0x00000000c0000000, 0x00000000e0200000, 0x00000000eab00000)
  object space 526336K, 45% used [0x00000000c0000000,0x00000000ceaee430,0x00000000e0200000)
 Metaspace       used 59424K, committed 60672K, reserved 1114112K
  class space    used 6246K, committed 6784K, reserved 1048576K
}
Event: 42.796 GC heap before
{Heap before GC invocations=620 (full 3):
 PSYoungGen      total 2048K, used 1855K [0x00000000eab00000, 0x00000000ead80000, 0x0000000100000000)
  eden space 1536K, 99% used [0x00000000eab00000,0x00000000eac7fff0,0x00000000eac80000)
  from space 512K, 62% used [0x00000000ead00000,0x00000000ead50000,0x00000000ead80000)
  to   space 512K, 0% used [0x00000000eac80000,0x00000000eac80000,0x00000000ead00000)
 ParOldGen       total 526336K, used 240569K [0x00000000c0000000, 0x00000000e0200000, 0x00000000eab00000)
  object space 526336K, 45% used [0x00000000c0000000,0x00000000ceaee430,0x00000000e0200000)
 Metaspace       used 59443K, committed 60672K, reserved 1114112K
  class space    used 6248K, committed 6784K, reserved 1048576K
}
Event: 42.797 GC heap after
{Heap after GC invocations=620 (full 3):
 PSYoungGen      total 2048K, used 416K [0x00000000eab00000, 0x00000000eae00000, 0x0000000100000000)
  eden space 1536K, 0% used [0x00000000eab00000,0x00000000eab00000,0x00000000eac80000)
  from space 512K, 81% used [0x00000000eac80000,0x00000000eace8000,0x00000000ead00000)
  to   space 512K, 0% used [0x00000000ead80000,0x00000000ead80000,0x00000000eae00000)
 ParOldGen       total 526336K, used 240761K [0x00000000c0000000, 0x00000000e0200000, 0x00000000eab00000)
  object space 526336K, 45% used [0x00000000c0000000,0x00000000ceb1e430,0x00000000e0200000)
 Metaspace       used 59443K, committed 60672K, reserved 1114112K
  class space    used 6248K, committed 6784K, reserved 1048576K
}
Event: 42.801 GC heap before
{Heap before GC invocations=621 (full 3):
 PSYoungGen      total 2048K, used 1952K [0x00000000eab00000, 0x00000000eae00000, 0x0000000100000000)
  eden space 1536K, 100% used [0x00000000eab00000,0x00000000eac80000,0x00000000eac80000)
  from space 512K, 81% used [0x00000000eac80000,0x00000000eace8000,0x00000000ead00000)
  to   space 512K, 0% used [0x00000000ead80000,0x00000000ead80000,0x00000000eae00000)
 ParOldGen       total 526336K, used 240761K [0x00000000c0000000, 0x00000000e0200000, 0x00000000eab00000)
  object space 526336K, 45% used [0x00000000c0000000,0x00000000ceb1e430,0x00000000e0200000)
 Metaspace       used 59452K, committed 60672K, reserved 1114112K
  class space    used 6248K, committed 6784K, reserved 1048576K
}
Event: 42.802 GC heap after
{Heap after GC invocations=621 (full 3):
 PSYoungGen      total 2560K, used 352K [0x00000000eab00000, 0x00000000eae00000, 0x0000000100000000)
  eden space 2048K, 0% used [0x00000000eab00000,0x00000000eab00000,0x00000000ead00000)
  from space 512K, 68% used [0x00000000ead80000,0x00000000eadd8000,0x00000000eae00000)
  to   space 512K, 0% used [0x00000000ead00000,0x00000000ead00000,0x00000000ead80000)
 ParOldGen       total 526336K, used 240972K [0x00000000c0000000, 0x00000000e0200000, 0x00000000eab00000)
  object space 526336K, 45% used [0x00000000c0000000,0x00000000ceb53038,0x00000000e0200000)
 Metaspace       used 59452K, committed 60672K, reserved 1114112K
  class space    used 6248K, committed 6784K, reserved 1048576K
}

